Drill report for GarageDoor.kicad_pcb
Created on 2024-06-14T00:20:54-0400

Copper Layer Stackup:
    =============================================================
    L1 :  F.Cu                      front
    L2 :  B.Cu                      back


Drill file 'GarageDoor-PTH.drl' contains
    plated through holes:
    =============================================================
    T1  0.600mm  0.0236"  (13 holes)
    T2  0.800mm  0.0315"  (18 holes)
    T3  0.900mm  0.0354"  (3 holes)
    T4  1.000mm  0.0394"  (10 holes)
    T5  1.016mm  0.0400"  (16 holes)
    T6  1.200mm  0.0472"  (4 holes)
    T7  1.300mm  0.0512"  (6 holes)
    T8  1.520mm  0.0598"  (10 holes)

    Total plated holes count 80


Drill file 'GarageDoor-NPTH.drl' contains
    unplated through holes:
    =============================================================
    T1  3.200mm  0.1260"  (4 holes)

    Total unplated holes count 4
